{
  "RSpec": {
    "coverage": {
      "/Users/rosannehoyem/Development/code/code-challenges/sms-app/app/controllers/messages_controller.rb": [
        1,
        null,
        1,
        1,
        null,
        null,
        1,
        5,
        0,
        0,
        0,
        0,
        null,
        0,
        0,
        null,
        null,
        null,
        null,
        1,
        1,
        5,
        null,
        null
      ],
      "/Users/rosannehoyem/Development/code/code-challenges/sms-app/app/controllers/application_controller.rb": [
        1,
        null,
        null,
        1,
        null
      ],
      "/Users/rosannehoyem/Development/code/code-challenges/sms-app/app/controllers/text_messages_controller.rb": [
        1,
        1,
        null,
        1,
        null,
        null,
        1,
        0,
        0,
        null,
        null,
        1,
        null,
        null,
        1,
        0,
        0,
        0,
        0,
        null,
        null,
        null,
        null,
        null,
        0,
        null,
        null,
        1,
        null,
        null,
        1,
        1,
        0,
        null,
        null,
        1,
        0,
        null,
        null
      ],
      "/Users/rosannehoyem/Development/code/code-challenges/sms-app/app/models/message.rb": [
        1,
        1,
        1,
        null,
        1,
        0,
        null,
        null,
        null
      ],
      "/Users/rosannehoyem/Development/code/code-challenges/sms-app/app/models/text_message.rb": [
        1,
        1,
        1,
        1,
        null,
        1,
        0,
        0,
        null,
        null,
        null,
        null,
        null,
        null,
        null,
        null,
        null,
        null,
        null,
        null,
        null,
        null,
        null,
        null,
        null,
        null
      ]
    },
    "timestamp": 1388594465
  }
}
